2025-05-24 05:05:06,754 - semgrep.run_scan - DEBUG - semgrep version 1.2.0
2025-05-24 05:05:06,759 - semgrep.git - DEBUG - Failed to get project url from 'git ls-remote': Command failed with exit code: 128
-----
Command failed with output:
fatal: No remote configured to list refs from.


Failed to run 'git ls-remote --get-url'. Possible reasons:

- the git binary is not available
- the current working directory is not a git repository
- the baseline commit is not a parent of the current commit
    (if you are running through semgrep-app, check if you are setting `SEMGREP_BRANCH` or `SEMGREP_BASELINE_COMMIT` properly)
- the current working directory is not marked as safe
    (fix with `git config --global --add safe.directory $(pwd)`)

Try running the command yourself to debug the issue.
2025-05-24 05:05:06,760 - semgrep.config_resolver - DEBUG - Loading local config from /home/runner/workspace/.config/.semgrep/semgrep_rules.json
2025-05-24 05:05:06,767 - semgrep.config_resolver - DEBUG - Done loading local config from /home/runner/workspace/.config/.semgrep/semgrep_rules.json
2025-05-24 05:05:06,770 - semgrep.config_resolver - DEBUG - Saving rules to /tmp/semgrep-sswn69xk.rules
2025-05-24 05:05:06,922 - semgrep.semgrep_core - DEBUG - Failed to open resource semgrep-core-proprietary: [Errno 2] No such file or directory: '/tmp/_MEI2wJ4nJ/semgrep/bin/semgrep-core-proprietary'.
2025-05-24 05:05:07,487 - semgrep.rule_lang - DEBUG - semgrep-core validation response: valid=True
2025-05-24 05:05:07,487 - semgrep.rule_lang - DEBUG - semgrep-core validation succeeded
2025-05-24 05:05:07,488 - semgrep.rule_lang - DEBUG - RPC validation succeeded
2025-05-24 05:05:07,488 - semgrep.config_resolver - DEBUG - loaded 1 configs in 0.7288663387298584
2025-05-24 05:05:07,586 - semgrep.run_scan - VERBOSE - running 711 rules from 1 config /home/runner/workspace/.config/.semgrep/semgrep_rules.json_0
2025-05-24 05:05:07,586 - semgrep.run_scan - VERBOSE - No .semgrepignore found. Using default .semgrepignore rules. See the docs for the list of default ignores: https://semgrep.dev/docs/cli-usage/#ignore-files
2025-05-24 05:05:07,589 - semgrep.run_scan - VERBOSE - Rules:
2025-05-24 05:05:07,589 - semgrep.run_scan - VERBOSE - <SKIPPED DATA (too many entries; use --max-log-list-entries)>
2025-05-24 05:05:08,081 - semgrep.core_runner - DEBUG - Passing whole rules directly to semgrep_core
2025-05-24 05:05:08,237 - semgrep.core_runner - DEBUG - Running Semgrep engine with command:
2025-05-24 05:05:08,237 - semgrep.core_runner - DEBUG - /tmp/_MEI2wJ4nJ/semgrep/bin/opengrep-core -json -rules /tmp/tmpy6aexj86.json -j 8 -targets /tmp/tmpkhifsgai -timeout 5 -timeout_threshold 3 -max_memory 0 -fast
2025-05-24 05:05:12,179 - semgrep.core_runner - DEBUG - --- semgrep-core stderr ---
[00.07][[34mINFO[0m]: Executed as: /tmp/_MEI2wJ4nJ/semgrep/bin/opengrep-core -json -rules /tmp/tmpy6aexj86.json -j 8 -targets /tmp/tmpkhifsgai -timeout 5 -timeout_threshold 3 -max_memory 0 -fast
[00.07][[34mINFO[0m]: Version: 1.2.0
[00.07][[34mINFO[0m]: Parsing rules in /tmp/tmpy6aexj86.json
[00.50][[34mINFO[0m]: scan: processing 281 files (skipping 0), with 454 rules (skipping 0 )
[02.68][[33mWARNING[0m]: Fixpoint timeout while performing taint analysis [rule: config..semgrep.vendored-rules.typescript.react.security.audit.react-href-var file: client/src/pages/farmer.tsx func: ???]
[0m[02.84][[33mWARNING[0m]: Fixpoint timeout while performing taint analysis [rule: config..semgrep.vendored-rules.javascript.lang.security.audit.detect-non-literal-require file: client/src/pages/farmer.tsx func: ???]
[0m[03.89][[34mINFO[0m]: Custom ignore pattern: None
[03.89][[34mINFO[0m]: Custom ignore pattern: None
--- end semgrep-core stderr ---
2025-05-24 05:05:12,185 - semgrep.rule_match - DEBUG - match_key = ('', PosixPath('client/index.html'), 'config..semgrep.vendored-rules.html.security.audit.missing-integrity') match_id = 0ee74fd49637bebe183eca7188dbde26e386314e62cc2e7ba1ee60b377b638243fcd84e6c6fa04886198ccacfa6a711bfbcc61a28f9ddc913d5b3c53083cbc90_0
2025-05-24 05:05:12,185 - semgrep.rule_match - DEBUG - match_key = (' type="text/javascript" src="https://replit.com/public/js/replit-dev-banner.js" (?is).*integrity= (google-analytics\\.com|fonts\\.googleapis\\.com|fonts\\.gstatic\\.com|googletagmanager\\.com) .*rel\\s*=\\s*[\'"]?preconnect.* href="... :// ..." href="//..." href=\'... :// ...\' href=\'//...\' src="... :// ..." src="//..." src=\'... :// ...\' src=\'//...\' <link  type="text/javascript" src="https://replit.com/public/js/replit-dev-banner.js" > <script  type="text/javascript" src="https://replit.com/public/js/replit-dev-banner.js" >...</script>', PosixPath('client/index.html'), 'config..semgrep.vendored-rules.html.security.audit.missing-integrity') match_id = 0728b64e224596592d04447ba8a642ff94e1fb9fcc07be26d49dc7e7f6898e638ad16ffcaca086932c58f4c6400fe32603323afef02cf9bfebcb0e4a53562a40_0
2025-05-24 05:05:12,186 - semgrep.rule_match - DEBUG - match_key = (' type="text/javascript" src="https://replit.com/public/js/replit-dev-banner.js" (?is).*integrity= (google-analytics\\.com|fonts\\.googleapis\\.com|fonts\\.gstatic\\.com|googletagmanager\\.com) .*rel\\s*=\\s*[\'"]?preconnect.* href="... :// ..." href="//..." href=\'... :// ...\' href=\'//...\' src="... :// ..." src="//..." src=\'... :// ...\' src=\'//...\' <link  type="text/javascript" src="https://replit.com/public/js/replit-dev-banner.js" > <script  type="text/javascript" src="https://replit.com/public/js/replit-dev-banner.js" >...</script>', PosixPath('client/index.html'), 'config..semgrep.vendored-rules.html.security.audit.missing-integrity') match_id = 0728b64e224596592d04447ba8a642ff94e1fb9fcc07be26d49dc7e7f6898e638ad16ffcaca086932c58f4c6400fe32603323afef02cf9bfebcb0e4a53562a40_0
2025-05-24 05:05:12,186 - semgrep.rule_match - DEBUG - match_key = (' type="text/javascript" src="https://replit.com/public/js/replit-dev-banner.js" (?is).*integrity= (google-analytics\\.com|fonts\\.googleapis\\.com|fonts\\.gstatic\\.com|googletagmanager\\.com) .*rel\\s*=\\s*[\'"]?preconnect.* href="... :// ..." href="//..." href=\'... :// ...\' href=\'//...\' src="... :// ..." src="//..." src=\'... :// ...\' src=\'//...\' <link  type="text/javascript" src="https://replit.com/public/js/replit-dev-banner.js" > <script  type="text/javascript" src="https://replit.com/public/js/replit-dev-banner.js" >...</script>', PosixPath('client/index.html'), 'config..semgrep.vendored-rules.html.security.audit.missing-integrity') match_id = 0728b64e224596592d04447ba8a642ff94e1fb9fcc07be26d49dc7e7f6898e638ad16ffcaca086932c58f4c6400fe32603323afef02cf9bfebcb0e4a53562a40_0
2025-05-24 05:05:12,187 - semgrep.rule_match - DEBUG - match_key = ('', PosixPath('server/auth.ts'), 'config..semgrep.vendored-rules.javascript.jsonwebtoken.security.hardcoded-jwt-secret') match_id = 3d3866255040a9e29057d31c1917a5c43be003edc34156dc64566f3dc388b72df1f94d7d19df67270b5888103beb551b3ce78e7abe3e0375bc8fcf32a4d9e2a5_0
2025-05-24 05:05:12,187 - semgrep.rule_match - DEBUG - match_key = ('jwt = require("jsonwebtoken")\n...\n import jwt from "jsonwebtoken"\n...\n import * as jwt from "jsonwebtoken"\n...\n import {...,jwt,...} from "jsonwebtoken"\n...\n jwt.sign({userId userId username username role role},JWT_SECRET,...);\n jwt.verify({userId userId username username role role},JWT_SECRET,...);\n JWT_SECRET jwt.sign({userId userId username username role role},"...",...);\n jwt.verify({userId userId username username role role},"...",...);\n JWT_SECRET = \'farm-connect-secret-key\' \n JWT_SECRET = \'...\' \n', PosixPath('server/auth.ts'), 'config..semgrep.vendored-rules.javascript.jsonwebtoken.security.hardcoded-jwt-secret') match_id = 98e551f16ab33633ab5c0e2bb7608780da64e7978c3094713f1fa921287d1e75ae636691679fe258d2bf0771b906607e27419839d651f5c44c3fcf8fdc675410_0
2025-05-24 05:05:12,188 - semgrep.rule_match - DEBUG - match_key = ('jwt = require("jsonwebtoken")\n...\n import jwt from "jsonwebtoken"\n...\n import * as jwt from "jsonwebtoken"\n...\n import {...,jwt,...} from "jsonwebtoken"\n...\n jwt.sign({userId userId username username role role},JWT_SECRET,...);\n jwt.verify({userId userId username username role role},JWT_SECRET,...);\n JWT_SECRET jwt.sign({userId userId username username role role},"...",...);\n jwt.verify({userId userId username username role role},"...",...);\n JWT_SECRET = \'farm-connect-secret-key\' \n JWT_SECRET = \'...\' \n', PosixPath('server/auth.ts'), 'config..semgrep.vendored-rules.javascript.jsonwebtoken.security.hardcoded-jwt-secret') match_id = 98e551f16ab33633ab5c0e2bb7608780da64e7978c3094713f1fa921287d1e75ae636691679fe258d2bf0771b906607e27419839d651f5c44c3fcf8fdc675410_0
2025-05-24 05:05:12,188 - semgrep.rule_match - DEBUG - match_key = ('jwt = require("jsonwebtoken")\n...\n import jwt from "jsonwebtoken"\n...\n import * as jwt from "jsonwebtoken"\n...\n import {...,jwt,...} from "jsonwebtoken"\n...\n jwt.sign({userId userId username username role role},JWT_SECRET,...);\n jwt.verify({userId userId username username role role},JWT_SECRET,...);\n JWT_SECRET jwt.sign({userId userId username username role role},"...",...);\n jwt.verify({userId userId username username role role},"...",...);\n JWT_SECRET = \'farm-connect-secret-key\' \n JWT_SECRET = \'...\' \n', PosixPath('server/auth.ts'), 'config..semgrep.vendored-rules.javascript.jsonwebtoken.security.hardcoded-jwt-secret') match_id = 98e551f16ab33633ab5c0e2bb7608780da64e7978c3094713f1fa921287d1e75ae636691679fe258d2bf0771b906607e27419839d651f5c44c3fcf8fdc675410_0
2025-05-24 05:05:12,189 - semgrep.rule_match - DEBUG - match_key = ('', PosixPath('server/auth.ts'), 'config..semgrep.vendored-rules.javascript.jsonwebtoken.security.hardcoded-jwt-secret') match_id = 3d3866255040a9e29057d31c1917a5c43be003edc34156dc64566f3dc388b72df1f94d7d19df67270b5888103beb551b3ce78e7abe3e0375bc8fcf32a4d9e2a5_0
2025-05-24 05:05:12,189 - semgrep.rule_match - DEBUG - match_key = ('jwt = require("jsonwebtoken")\n...\n import jwt from "jsonwebtoken"\n...\n import * as jwt from "jsonwebtoken"\n...\n import {...,jwt,...} from "jsonwebtoken"\n...\n jwt.sign(token,JWT_SECRET,...);\n jwt.verify(token,JWT_SECRET,...);\n JWT_SECRET jwt.sign(token,"...",...);\n jwt.verify(token,"...",...);\n JWT_SECRET = \'farm-connect-secret-key\' \n JWT_SECRET = \'...\' \n', PosixPath('server/auth.ts'), 'config..semgrep.vendored-rules.javascript.jsonwebtoken.security.hardcoded-jwt-secret') match_id = 854bbb0f67fdfd0000e5e0181f72742bf97eb7956ca7367c058f815b0a34a6ce3b40dd7ceb239eb09fb9d93ef6b61fc1f8e3c758c82ef28f6eea7411b1f7a3fd_0
2025-05-24 05:05:12,190 - semgrep.rule_match - DEBUG - match_key = ('jwt = require("jsonwebtoken")\n...\n import jwt from "jsonwebtoken"\n...\n import * as jwt from "jsonwebtoken"\n...\n import {...,jwt,...} from "jsonwebtoken"\n...\n jwt.sign(token,JWT_SECRET,...);\n jwt.verify(token,JWT_SECRET,...);\n JWT_SECRET jwt.sign(token,"...",...);\n jwt.verify(token,"...",...);\n JWT_SECRET = \'farm-connect-secret-key\' \n JWT_SECRET = \'...\' \n', PosixPath('server/auth.ts'), 'config..semgrep.vendored-rules.javascript.jsonwebtoken.security.hardcoded-jwt-secret') match_id = 854bbb0f67fdfd0000e5e0181f72742bf97eb7956ca7367c058f815b0a34a6ce3b40dd7ceb239eb09fb9d93ef6b61fc1f8e3c758c82ef28f6eea7411b1f7a3fd_0
2025-05-24 05:05:12,190 - semgrep.rule_match - DEBUG - match_key = ('jwt = require("jsonwebtoken")\n...\n import jwt from "jsonwebtoken"\n...\n import * as jwt from "jsonwebtoken"\n...\n import {...,jwt,...} from "jsonwebtoken"\n...\n jwt.sign(token,JWT_SECRET,...);\n jwt.verify(token,JWT_SECRET,...);\n JWT_SECRET jwt.sign(token,"...",...);\n jwt.verify(token,"...",...);\n JWT_SECRET = \'farm-connect-secret-key\' \n JWT_SECRET = \'...\' \n', PosixPath('server/auth.ts'), 'config..semgrep.vendored-rules.javascript.jsonwebtoken.security.hardcoded-jwt-secret') match_id = 854bbb0f67fdfd0000e5e0181f72742bf97eb7956ca7367c058f815b0a34a6ce3b40dd7ceb239eb09fb9d93ef6b61fc1f8e3c758c82ef28f6eea7411b1f7a3fd_0
2025-05-24 05:05:12,192 - semgrep.core_runner - DEBUG - semgrep ran in 0:00:04.110630 on 96 files
2025-05-24 05:05:12,193 - semgrep.core_runner - DEBUG - findings summary: 3 warning, 0 error, 0 info
2025-05-24 05:05:12,196 - semgrep.app.auth - DEBUG - Getting API token from settings file
2025-05-24 05:05:12,196 - semgrep.app.auth - DEBUG - No API token found in settings file
2025-05-24 05:05:12,196 - semgrep.semgrep_core - DEBUG - Failed to open resource semgrep-core-proprietary: [Errno 2] No such file or directory: '/tmp/_MEI2wJ4nJ/semgrep/bin/semgrep-core-proprietary'.
2025-05-24 05:05:12,311 - semgrep.output - VERBOSE - 
========================================
Files skipped:
========================================

  Always skipped by Opengrep:

   • <none>

  Skipped by .gitignore:
  (Disable by passing --no-git-ignore)

   • <all files not listed by `git ls-files` were skipped>

  Skipped by .semgrepignore:
  - https://semgrep.dev/docs/ignoring-files-folders-code/#understand-semgrep-defaults

   • <none>

  Skipped by --include patterns:

   • <none>

  Skipped by --exclude patterns:

   • <none>

  Files skipped due to insufficient read permissions:

   • <none>

  Skipped by limiting to files smaller than 1000000 bytes:
  (Adjust with the --max-target-bytes flag)

   • <none>

  Partially analyzed due to parsing or internal Opengrep errors

   • tailwind.config.ts (1 lines skipped)

2025-05-24 05:05:12,312 - semgrep.output - INFO - Some files were skipped or only partially analyzed.
  Scan was limited to files tracked by git.
  Partially scanned: 1 files only partially analyzed due to parsing or internal Opengrep errors

Ran 435 rules on 96 files: 3 findings.
2025-05-24 05:05:12,312 - semgrep.app.version - DEBUG - Version cache does not exist
2025-05-24 05:05:12,326 - semgrep.metrics - VERBOSE - Not sending pseudonymous metrics since metrics are configured to OFF and registry usage is False
